06:25:20: Creating resource group General
06:25:20: Creating resource group Internal
06:25:20: Creating resource group Autodetect
06:25:20: SceneManagerFactory for type 'DefaultSceneManager' registered.
06:25:20: Registering ResourceManager for type Material
06:25:20: Registering ResourceManager for type Mesh
06:25:20: Registering ResourceManager for type Skeleton
06:25:20: MovableObjectFactory for type 'ParticleSystem' registered.
06:25:20: OverlayElementFactory for type Panel registered.
06:25:20: OverlayElementFactory for type BorderPanel registered.
06:25:20: OverlayElementFactory for type TextArea registered.
06:25:20: Registering ResourceManager for type Font
06:25:20: ArchiveFactory for archive type FileSystem registered.
06:25:20: ArchiveFactory for archive type Zip registered.
06:25:20: ArchiveFactory for archive type EmbeddedZip registered.
06:25:20: DDS codec registering
06:25:20: FreeImage version: 3.15.1
06:25:20: This program uses FreeImage, a free, open source image library supporting all common bitmap formats. See http://freeimage.sourceforge.net for details
06:25:20: Supported formats: bmp,ico,jpg,jif,jpeg,jpe,jng,koa,iff,lbm,mng,pbm,pbm,pcd,pcx,pgm,pgm,png,ppm,ppm,ras,tga,targa,tif,tiff,wap,wbmp,wbm,psd,cut,xbm,xpm,gif,hdr,g3,sgi,exr,j2k,j2c,jp2,pfm,pct,pict,pic,3fr,arw,bay,bmq,cap,cine,cr2,crw,cs1,dc2,dcr,drf,dsc,dng,erf,fff,ia,iiq,k25,kc2,kdc,mdc,mef,mos,mrw,nef,nrw,orf,pef,ptx,pxn,qtk,raf,raw,rdc,rw2,rwl,rwz,sr2,srf,sti
06:25:20: Registering ResourceManager for type HighLevelGpuProgram
06:25:20: Registering ResourceManager for type Compositor
06:25:20: MovableObjectFactory for type 'Entity' registered.
06:25:20: MovableObjectFactory for type 'Light' registered.
06:25:20: MovableObjectFactory for type 'BillboardSet' registered.
06:25:20: MovableObjectFactory for type 'ManualObject' registered.
06:25:20: MovableObjectFactory for type 'BillboardChain' registered.
06:25:20: MovableObjectFactory for type 'RibbonTrail' registered.
06:25:20: *-*-* OGRE Initialising
06:25:20: *-*-* Version 1.8.1 (Byatis)
06:25:20: Loading library /home/daniel/Downloads/ogre_src_v1-8-1/lib/RenderSystem_GL.so
06:25:20: Installing plugin: GL RenderSystem
06:25:20: OpenGL Rendering Subsystem created.
06:25:20: Plugin successfully installed
06:25:20: CPU Identifier & Features
06:25:20: -------------------------
06:25:20:  *   CPU ID: AuthenticAMD: AMD A10-4600M APU with Radeon(tm) HD Graphics
06:25:20:  *      SSE: yes
06:25:20:  *     SSE2: yes
06:25:20:  *     SSE3: yes
06:25:20:  *      MMX: yes
06:25:20:  *   MMXEXT: yes
06:25:20:  *    3DNOW: no
06:25:20:  * 3DNOWEXT: no
06:25:20:  *     CMOV: yes
06:25:20:  *      TSC: yes
06:25:20:  *      FPU: yes
06:25:20:  *      PRO: yes
06:25:20:  *       HT: no
06:25:20: -------------------------
06:25:20: ******************************
*** Starting GLX Subsystem ***
******************************
06:25:20: Registering ResourceManager for type Texture
06:25:20: GLRenderSystem::_createRenderWindow "Game Engine Programming", 800x600 windowed  miscParams: FSAA=0 displayFrequency=60 Hz gamma=No vsync=No 
06:25:20: GLXWindow::create used FBConfigID = 150
06:25:20: GL_VERSION = 2.1 Mesa 8.0.5
06:25:20: GL_VENDOR = X.Org
06:25:20: GL_RENDERER = Gallium 0.4 on AMD ARUBA
06:25:20: GL_EXTENSIONS = GL_ARB_multisample GL_EXT_abgr GL_EXT_bgra GL_EXT_blend_color GL_EXT_blend_minmax GL_EXT_blend_subtract GL_EXT_copy_texture GL_EXT_polygon_offset GL_EXT_subtexture GL_EXT_texture_object GL_EXT_vertex_array GL_EXT_compiled_vertex_array GL_EXT_texture GL_EXT_texture3D GL_IBM_rasterpos_clip GL_ARB_point_parameters GL_EXT_draw_range_elements GL_EXT_packed_pixels GL_EXT_point_parameters GL_EXT_rescale_normal GL_EXT_separate_specular_color GL_EXT_texture_edge_clamp GL_SGIS_generate_mipmap GL_SGIS_texture_border_clamp GL_SGIS_texture_edge_clamp GL_SGIS_texture_lod GL_ARB_framebuffer_sRGB GL_ARB_multitexture GL_EXT_framebuffer_sRGB GL_IBM_multimode_draw_arrays GL_IBM_texture_mirrored_repeat GL_ARB_texture_cube_map GL_ARB_texture_env_add GL_ARB_transpose_matrix GL_EXT_blend_func_separate GL_EXT_fog_coord GL_EXT_multi_draw_arrays GL_EXT_secondary_color GL_EXT_texture_env_add GL_EXT_texture_filter_anisotropic GL_EXT_texture_lod_bias GL_INGR_blend_func_separate GL_NV_blend_square GL_NV_light_max_exponent GL_NV_texgen_reflection GL_NV_texture_env_combine4 GL_SUN_multi_draw_arrays GL_ARB_texture_border_clamp GL_ARB_texture_compression GL_EXT_framebuffer_object GL_EXT_texture_env_combine GL_EXT_texture_env_dot3 GL_MESA_window_pos GL_NV_packed_depth_stencil GL_NV_texture_rectangle GL_ARB_depth_texture GL_ARB_occlusion_query GL_ARB_shadow GL_ARB_texture_env_combine GL_ARB_texture_env_crossbar GL_ARB_texture_env_dot3 GL_ARB_texture_mirrored_repeat GL_ARB_window_pos GL_EXT_stencil_two_side GL_EXT_texture_cube_map GL_NV_depth_clamp GL_NV_fog_distance GL_APPLE_packed_pixels GL_APPLE_vertex_array_object GL_ARB_draw_buffers GL_ARB_fragment_program GL_ARB_fragment_shader GL_ARB_shader_objects GL_ARB_vertex_program GL_ARB_vertex_shader GL_ATI_draw_buffers GL_ATI_texture_env_combine3 GL_ATI_texture_float GL_EXT_shadow_funcs GL_EXT_stencil_wrap GL_MESA_pack_invert GL_NV_primitive_restart GL_ARB_depth_clamp GL_ARB_fragment_program_shadow GL_ARB_half_float_pixel GL_ARB_occlusion_query2 GL_ARB_point_sprite GL_ARB_shading_language_100 GL_ARB_sync GL_ARB_texture_non_power_of_two GL_ARB_vertex_buffer_object GL_ATI_blend_equation_separate GL_EXT_blend_equation_separate GL_OES_read_format GL_ARB_color_buffer_float GL_ARB_pixel_buffer_object GL_ARB_texture_compression_rgtc GL_ARB_texture_float GL_ARB_texture_rectangle GL_ATI_texture_compression_3dc GL_EXT_packed_float GL_EXT_pixel_buffer_object GL_EXT_texture_compression_rgtc GL_EXT_texture_mirror_clamp GL_EXT_texture_rectangle GL_EXT_texture_sRGB GL_EXT_texture_shared_exponent GL_ARB_framebuffer_object GL_EXT_framebuffer_blit GL_EXT_framebuffer_multisample GL_EXT_packed_depth_stencil GL_ARB_vertex_array_object GL_ATI_separate_stencil GL_ATI_texture_mirror_once GL_EXT_draw_buffers2 GL_EXT_gpu_program_parameters GL_EXT_texture_array GL_EXT_texture_compression_latc GL_EXT_texture_sRGB_decode GL_EXT_timer_query GL_OES_EGL_image GL_MESA_texture_array GL_ARB_copy_buffer GL_ARB_depth_buffer_float GL_ARB_half_float_vertex GL_ARB_instanced_arrays GL_ARB_map_buffer_range GL_ARB_texture_rg GL_ARB_texture_swizzle GL_ARB_vertex_array_bgra GL_EXT_separate_shader_objects GL_EXT_texture_swizzle GL_EXT_vertex_array_bgra GL_NV_conditional_render GL_AMD_draw_buffers_blend GL_AMD_seamless_cubemap_per_texture GL_AMD_shader_stencil_export GL_ARB_ES2_compatibility GL_ARB_draw_buffers_blend GL_ARB_draw_elements_base_vertex GL_ARB_explicit_attrib_location GL_ARB_fragment_coord_conventions GL_ARB_provoking_vertex GL_ARB_sampler_objects GL_ARB_seamless_cube_map GL_ARB_shader_stencil_export GL_ARB_shader_texture_lod GL_ARB_texture_rgb10_a2ui GL_ARB_vertex_type_2_10_10_10_rev GL_EXT_provoking_vertex GL_EXT_texture_snorm GL_MESA_texture_signed_rgba GL_NV_texture_barrier GL_ARB_robustness GL_ARB_texture_storage 
06:25:20: Supported GLX extensions: GLX_ARB_get_proc_address GLX_ARB_multisample GLX_EXT_import_context GLX_EXT_visual_info GLX_EXT_visual_rating GLX_MESA_copy_sub_buffer GLX_MESA_multithread_makecurrent GLX_MESA_swap_control GLX_OML_swap_method GLX_OML_sync_control GLX_SGI_make_current_read GLX_SGI_swap_control GLX_SGI_video_sync GLX_SGIS_multisample GLX_SGIX_fbconfig GLX_SGIX_pbuffer GLX_SGIX_visual_select_group GLX_EXT_texture_from_pixmap 
06:25:20: ***************************
06:25:20: *** GL Renderer Started ***
06:25:20: ***************************
06:25:20: Registering ResourceManager for type GpuProgram
06:25:20: GLSL support detected
06:25:20: GL: Using GL_EXT_framebuffer_object for rendering to textures (best)
06:25:20: FBO PF_UNKNOWN depth/stencil support: D0S1 D0S4 D0S8 D0S16 D16S0 D24S0 D32S0 Packed-D24S8 
06:25:20: FBO PF_L8 depth/stencil support: D0S0 D0S1 D0S4 D0S8 D0S16 D16S0 D24S0 D32S0 Packed-D24S8 
06:25:20: FBO PF_A8 depth/stencil support: D0S0 D0S1 D0S4 D0S8 D0S16 D16S0 D24S0 D32S0 Packed-D24S8 
06:25:20: FBO PF_A4L4 depth/stencil support: D0S0 D0S1 D0S4 D0S8 D0S16 D16S0 D24S0 D32S0 Packed-D24S8 
06:25:20: FBO PF_BYTE_LA depth/stencil support: D0S0 D0S1 D0S4 D0S8 D0S16 D16S0 D24S0 D32S0 Packed-D24S8 
06:25:20: FBO PF_R5G6B5 depth/stencil support: D0S0 D0S1 D0S4 D0S8 D0S16 D16S0 D24S0 D32S0 Packed-D24S8 
06:25:20: FBO PF_B5G6R5 depth/stencil support: D0S0 D0S1 D0S4 D0S8 D0S16 D16S0 D24S0 D32S0 Packed-D24S8 
06:25:20: FBO PF_A4R4G4B4 depth/stencil support: D0S0 D0S1 D0S4 D0S8 D0S16 D16S0 D24S0 D32S0 Packed-D24S8 
06:25:20: FBO PF_A1R5G5B5 depth/stencil support: D0S0 D0S1 D0S4 D0S8 D0S16 D16S0 D24S0 D32S0 Packed-D24S8 
06:25:20: FBO PF_R8G8B8 depth/stencil support: D0S0 D0S1 D0S4 D0S8 D0S16 D16S0 D24S0 D32S0 Packed-D24S8 
06:25:20: FBO PF_B8G8R8 depth/stencil support: D0S0 D0S1 D0S4 D0S8 D0S16 D16S0 D24S0 D32S0 Packed-D24S8 
06:25:20: FBO PF_A8R8G8B8 depth/stencil support: D0S0 D0S1 D0S4 D0S8 D0S16 D16S0 D24S0 D32S0 Packed-D24S8 
06:25:20: FBO PF_B8G8R8A8 depth/stencil support: D0S0 D0S1 D0S4 D0S8 D0S16 D16S0 D24S0 D32S0 Packed-D24S8 
06:25:20: FBO PF_A2R10G10B10 depth/stencil support: D0S0 D0S1 D0S4 D0S8 D0S16 D16S0 D24S0 D32S0 Packed-D24S8 
06:25:20: FBO PF_A2B10G10R10 depth/stencil support: D0S0 D0S1 D0S4 D0S8 D0S16 D16S0 D24S0 D32S0 Packed-D24S8 
06:25:20: FBO PF_FLOAT16_RGB depth/stencil support: D0S0 D0S1 D0S4 D0S8 D0S16 D16S0 D24S0 D32S0 Packed-D24S8 
06:25:20: FBO PF_FLOAT16_RGBA depth/stencil support: D0S0 D0S1 D0S4 D0S8 D0S16 D16S0 D24S0 D32S0 Packed-D24S8 
06:25:20: FBO PF_FLOAT32_RGB depth/stencil support: D0S0 D0S1 D0S4 D0S8 D0S16 D16S0 D24S0 D32S0 Packed-D24S8 
06:25:20: FBO PF_FLOAT32_RGBA depth/stencil support: D0S0 D0S1 D0S4 D0S8 D0S16 D16S0 D24S0 D32S0 Packed-D24S8 
06:25:20: FBO PF_X8R8G8B8 depth/stencil support: D0S0 D0S1 D0S4 D0S8 D0S16 D16S0 D24S0 D32S0 Packed-D24S8 
06:25:20: FBO PF_X8B8G8R8 depth/stencil support: D0S0 D0S1 D0S4 D0S8 D0S16 D16S0 D24S0 D32S0 Packed-D24S8 
06:25:20: FBO PF_SHORT_RGBA depth/stencil support: D0S0 D0S1 D0S4 D0S8 D0S16 D16S0 D24S0 D32S0 Packed-D24S8 
06:25:21: FBO PF_R3G3B2 depth/stencil support: D0S0 D0S1 D0S4 D0S8 D0S16 D16S0 D24S0 D32S0 Packed-D24S8 
06:25:21: FBO PF_SHORT_RGB depth/stencil support: D0S0 D0S1 D0S4 D0S8 D0S16 D16S0 D24S0 D32S0 Packed-D24S8 
06:25:21: [GL] : Valid FBO targets PF_UNKNOWN PF_L8 PF_A8 PF_A4L4 PF_BYTE_LA PF_R5G6B5 PF_B5G6R5 PF_A4R4G4B4 PF_A1R5G5B5 PF_R8G8B8 PF_B8G8R8 PF_A8R8G8B8 PF_B8G8R8A8 PF_A2R10G10B10 PF_A2B10G10R10 PF_FLOAT16_RGB PF_FLOAT16_RGBA PF_FLOAT32_RGB PF_FLOAT32_RGBA PF_X8R8G8B8 PF_X8B8G8R8 PF_SHORT_RGBA PF_R3G3B2 PF_SHORT_RGB 
06:25:21: RenderSystem capabilities
06:25:21: -------------------------
06:25:21: RenderSystem Name: OpenGL Rendering Subsystem
06:25:21: GPU Vendor: unknown
06:25:21: Device Name: Gallium 0.4 on AMD ARUBA
06:25:21: Driver Version: 2.1.0.0
06:25:21:  * Fixed function pipeline: yes
06:25:21:  * Hardware generation of mipmaps: yes
06:25:21:  * Texture blending: yes
06:25:21:  * Anisotropic texture filtering: yes
06:25:21:  * Dot product texture operation: yes
06:25:21:  * Cube mapping: yes
06:25:21:  * Hardware stencil buffer: yes
06:25:21:    - Stencil depth: 8
06:25:21:    - Two sided stencil support: yes
06:25:21:    - Wrap stencil values: yes
06:25:21:  * Hardware vertex / index buffers: yes
06:25:21:  * Vertex programs: yes
06:25:21:  * Number of floating-point constants for vertex programs: 4096
06:25:21:  * Number of integer constants for vertex programs: 0
06:25:21:  * Number of boolean constants for vertex programs: 0
06:25:21:  * Fragment programs: yes
06:25:21:  * Number of floating-point constants for fragment programs: 4096
06:25:21:  * Number of integer constants for fragment programs: 0
06:25:21:  * Number of boolean constants for fragment programs: 0
06:25:21:  * Geometry programs: no
06:25:21:  * Number of floating-point constants for geometry programs: 0
06:25:21:  * Number of integer constants for geometry programs: 0
06:25:21:  * Number of boolean constants for geometry programs: 0
06:25:21:  * Supported Shader Profiles: arbfp1 arbvp1 glsl
06:25:21:  * Texture Compression: yes
06:25:21:    - DXT: no
06:25:21:    - VTC: no
06:25:21:    - PVRTC: no
06:25:21:  * Scissor Rectangle: yes
06:25:21:  * Hardware Occlusion Query: yes
06:25:21:  * User clip planes: yes
06:25:21:  * VET_UBYTE4 vertex element type: yes
06:25:21:  * Infinite far plane projection: yes
06:25:21:  * Hardware render-to-texture: yes
06:25:21:  * Floating point textures: yes
06:25:21:  * Non-power-of-two textures: yes
06:25:21:  * Volume textures: yes
06:25:21:  * Multiple Render Targets: 8
06:25:21:    - With different bit depths: yes
06:25:21:  * Point Sprites: yes
06:25:21:  * Extended point parameters: yes
06:25:21:  * Max Point Size: 16384
06:25:21:  * Vertex texture fetch: yes
06:25:21:  * Number of world matrices: 0
06:25:21:  * Number of texture units: 16
06:25:21:  * Stencil buffer depth: 8
06:25:21:  * Number of vertex blend matrices: 0
06:25:21:    - Max vertex textures: 16
06:25:21:    - Vertex textures shared: yes
06:25:21:  * Render to Vertex Buffer : no
06:25:21:  * GL 1.5 without VBO workaround: no
06:25:21:  * Frame Buffer objects: yes
06:25:21:  * Frame Buffer objects (ARB extension): no
06:25:21:  * Frame Buffer objects (ATI extension): no
06:25:21:  * PBuffer support: yes
06:25:21:  * GL 1.5 without HW-occlusion workaround: no
06:25:21:  * Separate shader objects: no
06:25:21: DefaultWorkQueue('Root') initialising on thread main.
06:25:21: Particle Renderer Type 'billboard' registered
06:25:21: Creating resource group 1
06:25:21: Added resource location './assets/materials/scripts/' of type 'FileSystem' to resource group '1'
06:25:21: Added resource location './assets/models/' of type 'FileSystem' to resource group '1'
06:25:21: Initialising resource group 1
06:25:21: Parsing scripts for resource group 1
06:25:21: Parsing script Submarine.material
06:25:21: Parsing script brick.material
06:25:21: Parsing script texture.material
06:25:21: Finished parsing scripts for resource group 1
06:25:21: Creating resources for group 1
06:25:21: All done
06:25:21: Loading resource group '1' - Resources: 1 World Geometry: 1
06:25:21: Texture: brick.png: Loading 1 faces(PF_A8R8G8B8,128x128x1) with 7 hardware generated mipmaps from Image. Internal format is PF_A8R8G8B8,128x128x1.
06:25:21: Texture: gem.png: Loading 1 faces(PF_A8R8G8B8,542x542x1) with 9 hardware generated mipmaps from Image. Internal format is PF_A8R8G8B8,542x542x1.
06:25:21: Mesh: Loading handle.mesh.
06:25:21: Mesh: Loading center.mesh.
06:25:21: Mesh: Loading blade.mesh.
06:25:21: Mesh: Loading hilt.mesh.
06:25:21: Mesh: Loading brick03.mesh.
06:25:21: Mesh: Loading brick02.mesh.
06:25:21: Mesh: Loading brick01.mesh.
06:25:21: Finished loading resource group 1
